c array.sh: start time           Tue Feb  4 15:43:23 CET 2025
c array.sh: job id               6468158
c array.sh: task id              4
c array.sh: start index          193
c array.sh: end index            257
c array.sh: index                193
c array.sh: benchmark            lec_mult_DvW_11x10.sanitized
c array.sh: index                194
c array.sh: benchmark            lec_mult_DvW_12x11.sanitized
c array.sh: index                195
c array.sh: benchmark            lec_mult_DvW_12x12.sanitized
c array.sh: index                196
c array.sh: benchmark            lec_mult_KvW_10x10.sanitized
c array.sh: index                197
c array.sh: benchmark            lec_mult_KvW_11x10.sanitized
c array.sh: index                198
c array.sh: benchmark            lec_mult_KvW_12x11.sanitized
c array.sh: index                199
c array.sh: benchmark            linked_list_swap_contents_safety_unwind45
c array.sh: index                200
c array.sh: benchmark            linked_list_swap_contents_safety_unwind54
c array.sh: index                201
c array.sh: benchmark            linked_list_swap_contents_safety_unwind57
c array.sh: index                202
c array.sh: benchmark            linked_list_swap_contents_safety_unwind62
c array.sh: index                203
c array.sh: benchmark            linked_list_swap_contents_safety_unwind63
c array.sh: index                204
c array.sh: benchmark            linked_list_swap_contents_safety_unwind65
c array.sh: index                205
c array.sh: benchmark            linked_list_swap_contents_safety_unwind68
c array.sh: index                206
c array.sh: benchmark            linked_list_swap_contents_safety_unwind69
c array.sh: index                207
c array.sh: benchmark            linked_list_swap_contents_safety_unwind70
c array.sh: index                208
c array.sh: benchmark            linked_list_swap_contents_safety_unwind73
c array.sh: index                209
c array.sh: benchmark            linked_list_swap_contents_safety_unwind76
c array.sh: index                210
c array.sh: benchmark            linked_list_swap_contents_safety_unwind78
c array.sh: index                211
c array.sh: benchmark            linked_list_swap_contents_safety_unwind80
c array.sh: index                212
c array.sh: benchmark            lru_10.sanitized
c array.sh: index                213
c array.sh: benchmark            lru_6.sanitized
c array.sh: index                214
c array.sh: benchmark            lru_7.sanitized
c array.sh: index                215
c array.sh: benchmark            lru_8.sanitized
c array.sh: index                216
c array.sh: benchmark            lru_9.sanitized
c array.sh: index                217
c array.sh: benchmark            manol-pipe-g10bid_i
c array.sh: index                218
c array.sh: benchmark            marg5x5.shuffled-as.sat03-1455
c array.sh: index                219
c array.sh: benchmark            MASG0_72_keystream76_0
c array.sh: index                220
c array.sh: benchmark            mchess_15
c array.sh: index                221
c array.sh: benchmark            mchess_16
c array.sh: index                222
c array.sh: benchmark            mchess_17
c array.sh: index                223
c array.sh: benchmark            md5_48_1
c array.sh: index                224
c array.sh: benchmark            mdp-28-10-unsat
c array.sh: index                225
c array.sh: benchmark            mdp-28-11-sat
c array.sh: index                226
c array.sh: benchmark            mdp-28-14-sat
c array.sh: index                227
c array.sh: benchmark            mdp-28-14-unsat
c array.sh: index                228
c array.sh: benchmark            mdp-28-16-unsat
c array.sh: index                229
c array.sh: benchmark            mdp-32-10-sat
c array.sh: index                230
c array.sh: benchmark            mdp-32-10-unsat
c array.sh: index                231
c array.sh: benchmark            mdp-32-11-sat
c array.sh: index                232
c array.sh: benchmark            mdp-32-11-unsat
c array.sh: index                233
c array.sh: benchmark            mdp-32-12-unsat
c array.sh: index                234
c array.sh: benchmark            mdp-32-14-sat
c array.sh: index                235
c array.sh: benchmark            mdp-32-14-unsat
c array.sh: index                236
c array.sh: benchmark            mdp-32-16-sat
c array.sh: index                237
c array.sh: benchmark            mdp-36-10-sat
c array.sh: index                238
c array.sh: benchmark            mdp-36-10-unsat
c array.sh: index                239
c array.sh: benchmark            mdp-36-12-unsat
c array.sh: index                240
c array.sh: benchmark            mdp-36-14-sat
c array.sh: index                241
c array.sh: benchmark            mp1-blockpuzzle_5x10_s7_free4
c array.sh: index                242
c array.sh: benchmark            mp1-klieber2017s-0500-023-t12
c array.sh: index                243
c array.sh: benchmark            mp1-Nb5T15
c array.sh: index                244
c array.sh: benchmark            mp1-Nb7T42
c array.sh: index                245
c array.sh: benchmark            mp1-ps_5000_21250_3_0_0.8_0_1.50_6
c array.sh: index                246
c array.sh: benchmark            mrpp_4x4#12_12
c array.sh: index                247
c array.sh: benchmark            mulhs016-sc2009
c array.sh: index                248
c array.sh: benchmark            Nb13T165
c array.sh: index                249
c array.sh: benchmark            Nb44T6
c array.sh: index                250
c array.sh: benchmark            noL-11-0.sanitized
c array.sh: index                251
c array.sh: benchmark            noL-11-10.sanitized
c array.sh: index                252
c array.sh: benchmark            noL-11-12.sanitized
c array.sh: index                253
c array.sh: benchmark            noL-11-14.sanitized
c array.sh: index                254
c array.sh: benchmark            noL-11-16.sanitized
c array.sh: index                255
c array.sh: benchmark            noL-11-18.sanitized
c array.sh: index                256
c array.sh: benchmark            noL-11-20.sanitized
c array.sh: end time             Tue Feb  4 17:07:40 CET 2025
