c array.sh: start time           Tue Feb  4 15:38:38 CET 2025
c array.sh: job id               6468158
c array.sh: task id              3
c array.sh: start index          129
c array.sh: end index            193
c array.sh: index                129
c array.sh: benchmark            FmlaImplyChain_3_7_8.sanitized
c array.sh: index                130
c array.sh: benchmark            Folkman-175-1251868.sanitized
c array.sh: index                131
c array.sh: benchmark            Folkman-175-7416734.sanitized
c array.sh: index                132
c array.sh: benchmark            Folkman-175-9054056.sanitized
c array.sh: index                133
c array.sh: benchmark            Folkman-180-11710376.sanitized
c array.sh: index                134
c array.sh: benchmark            Folkman-180-5383714.sanitized
c array.sh: index                135
c array.sh: benchmark            Folkman-185-152478531.sanitized
c array.sh: index                136
c array.sh: benchmark            Folkman-185-19924337.sanitized
c array.sh: index                137
c array.sh: benchmark            Folkman-185-75415683.sanitized
c array.sh: index                138
c array.sh: benchmark            Folkman-190-104806020.sanitized
c array.sh: index                139
c array.sh: benchmark            Folkman-190-358004741.sanitized
c array.sh: index                140
c array.sh: benchmark            Folkman-190-66337703.sanitized
c array.sh: index                141
c array.sh: benchmark            frb45-21-2.used-as.sat04-884
c array.sh: index                142
c array.sh: benchmark            frb65-12-2.used-as.sat04-874
c array.sh: index                143
c array.sh: benchmark            g2-ak128boothbg2msaig
c array.sh: index                144
c array.sh: benchmark            g2-ak128boothbg2msisc
c array.sh: index                145
c array.sh: benchmark            g2-hwmcc15deep-6s161-k17
c array.sh: index                146
c array.sh: benchmark            g2-hwmcc15deep-bob12s02-k16
c array.sh: index                147
c array.sh: benchmark            g2-slp-synthesis-aes-top30
c array.sh: index                148
c array.sh: benchmark            g2-T93.2.1
c array.sh: index                149
c array.sh: benchmark            g2-test_v5_r10_vr10_c1_s21502.smt2-cvc4
c array.sh: index                150
c array.sh: benchmark            goldcrest-and-9
c array.sh: index                151
c array.sh: benchmark            GracefulGraph-K05-P02_c18
c array.sh: index                152
c array.sh: benchmark            grs-64-128
c array.sh: index                153
c array.sh: benchmark            grs-64-64
c array.sh: index                154
c array.sh: benchmark            HCP-446-105
c array.sh: index                155
c array.sh: benchmark            hcp_CP18_18
c array.sh: index                156
c array.sh: benchmark            hwb-n24-02-S786928571.shuffled-as.sat03-1618
c array.sh: index                157
c array.sh: benchmark            hwmcc12miters-xits-iso-6s111.sanitized
c array.sh: index                158
c array.sh: benchmark            hwmcc17miters-xits-iso-6s281b35.sanitized
c array.sh: index                159
c array.sh: benchmark            hwmcc17miters-xits-iso-bobsmfpu.sanitized
c array.sh: index                160
c array.sh: benchmark            hwmcc17miters-xits-iso-oski15a08b00s.sanitized
c array.sh: index                161
c array.sh: benchmark            hwmcc17miters-xits-iso-oski15a08b08s.sanitized
c array.sh: index                162
c array.sh: benchmark            hwmcc20miters-iso-mul2.sanitized
c array.sh: index                163
c array.sh: benchmark            hwmcc20miters-iso-mul3.sanitized
c array.sh: index                164
c array.sh: benchmark            hwmcc20miters-iso-mul7.sanitized
c array.sh: index                165
c array.sh: benchmark            hwmcc20miters-iso-rast-p06.sanitized
c array.sh: index                166
c array.sh: benchmark            hwmcc20miters-iso-rast-p11.sanitized
c array.sh: index                167
c array.sh: benchmark            IBM_FV_2004_rule_batch_1_31_1_SAT_dat.k40.debugged
c array.sh: index                168
c array.sh: benchmark            ITC2021_Early_10.xml
c array.sh: index                169
c array.sh: benchmark            ITC2021_Early_3.xml
c array.sh: index                170
c array.sh: benchmark            ITC2021_Middle_1.xml
c array.sh: index                171
c array.sh: benchmark            j3037_10_mdd_b
c array.sh: index                172
c array.sh: benchmark            j3037_10_mdd_bm1
c array.sh: index                173
c array.sh: benchmark            j3037_10_rggt_b
c array.sh: index                174
c array.sh: benchmark            j3037_1_gmto_b
c array.sh: index                175
c array.sh: benchmark            j3037_1_mdd_b
c array.sh: index                176
c array.sh: benchmark            j3037_9_mdd_bm1
c array.sh: index                177
c array.sh: benchmark            j3037_9_rggt_b
c array.sh: index                178
c array.sh: benchmark            j3045_10_gmto_b
c array.sh: index                179
c array.sh: benchmark            j3045_10_rggt_b
c array.sh: index                180
c array.sh: benchmark            j3045_4_gmto_b
c array.sh: index                181
c array.sh: benchmark            j3045_4_mdd_bm1
c array.sh: index                182
c array.sh: benchmark            jgiraldezlevy.2200.9086.08.40.41
c array.sh: index                183
c array.sh: benchmark            Kakuro-easy-097-ext.xml.hg_4
c array.sh: index                184
c array.sh: benchmark            lec_mult_CvD_11x11.sanitized
c array.sh: index                185
c array.sh: benchmark            lec_mult_CvK_11x10.sanitized
c array.sh: index                186
c array.sh: benchmark            lec_mult_CvK_11x11.sanitized
c array.sh: index                187
c array.sh: benchmark            lec_mult_CvK_12x11.sanitized
c array.sh: index                188
c array.sh: benchmark            lec_mult_CvK_12x12.sanitized
c array.sh: index                189
c array.sh: benchmark            lec_mult_CvW_12x11.sanitized
c array.sh: index                190
c array.sh: benchmark            lec_mult_CvW_12x12.sanitized
c array.sh: index                191
c array.sh: benchmark            lec_mult_DvK_11x10.sanitized
c array.sh: index                192
c array.sh: benchmark            lec_mult_DvK_12x12.sanitized
c array.sh: end time             Tue Feb  4 17:03:01 CET 2025
