c array.sh: start time           Tue Feb  4 15:44:55 CET 2025
c array.sh: job id               6468158
c array.sh: task id              5
c array.sh: start index          257
c array.sh: end index            321
c array.sh: index                257
c array.sh: benchmark            noL-11-2.sanitized
c array.sh: index                258
c array.sh: benchmark            noL-11-4.sanitized
c array.sh: index                259
c array.sh: benchmark            noL-11-6.sanitized
c array.sh: index                260
c array.sh: benchmark            noL-11-8.sanitized
c array.sh: index                261
c array.sh: benchmark            oisc-subrv-sll-nested-11
c array.sh: index                262
c array.sh: benchmark            oisc-subrv-sll-nested-13
c array.sh: index                263
c array.sh: benchmark            openstacks-sequencedstrips-nonadl-nonnegated-os-sequencedstrips-p30_3.025-NOTKNOWN
c array.sh: index                264
c array.sh: benchmark            or_randxor_k3_n510_m510.sanitized
c array.sh: index                265
c array.sh: benchmark            pb_300_05_lb_17
c array.sh: index                266
c array.sh: benchmark            pb_300_09_lb_07
c array.sh: index                267
c array.sh: benchmark            pcmax-scheduling-m11-1517-6802-UNSAT.sanitized
c array.sh: index                268
c array.sh: benchmark            pcmax-scheduling-m12-8049-55035-SAT.sanitized
c array.sh: index                269
c array.sh: benchmark            pcmax-scheduling-m13-1655-9604-UNSAT.sanitized
c array.sh: index                270
c array.sh: benchmark            pcmax-scheduling-m13-2011-12813-UNSAT.sanitized
c array.sh: index                271
c array.sh: benchmark            pcmax-scheduling-m15-2352-13561-SAT.sanitized
c array.sh: index                272
c array.sh: benchmark            pcmax-scheduling-m19-10199-62102-UNSAT.sanitized
c array.sh: index                273
c array.sh: benchmark            pcmax-scheduling-m19-2974-16501-UNSAT.sanitized
c array.sh: index                274
c array.sh: benchmark            pcmax-scheduling-m24-17855-226744-SAT.sanitized
c array.sh: index                275
c array.sh: benchmark            pcmax-scheduling-m24-24102-255206-SAT.sanitized
c array.sh: index                276
c array.sh: benchmark            pcmax-scheduling-m26-6398-62377-UNSAT.sanitized
c array.sh: index                277
c array.sh: benchmark            pcmax-scheduling-m30-14113-167638-UNSAT.sanitized
c array.sh: index                278
c array.sh: benchmark            pcmax-scheduling-m35-32274-371389-SAT.sanitized
c array.sh: index                279
c array.sh: benchmark            pcmax-scheduling-m37-28831-324346-SAT.sanitized
c array.sh: index                280
c array.sh: benchmark            pcmax-scheduling-m40-26287-324155-SAT.sanitized
c array.sh: index                281
c array.sh: benchmark            pcmax-scheduling-m43-38782-385402-SAT.sanitized
c array.sh: index                282
c array.sh: benchmark            post-cbmc-aes-ee-r3-noholes
c array.sh: index                283
c array.sh: benchmark            preimage_80r_495m_160h_seed_379
c array.sh: index                284
c array.sh: benchmark            Ptn-7824-b18
c array.sh: index                285
c array.sh: benchmark            qwh.50.1250.shuffled-as.sat03-1655
c array.sh: index                286
c array.sh: benchmark            qwh.60.1728.shuffled-as.sat03-1659
c array.sh: index                287
c array.sh: benchmark            rbsat-v1150c84314gyes1
c array.sh: index                288
c array.sh: benchmark            rbsat-v760c43649gyes3
c array.sh: index                289
c array.sh: benchmark            rbsat-v760c43649gyes7
c array.sh: index                290
c array.sh: benchmark            rbsat-v760c43649gyes9
c array.sh: index                291
c array.sh: benchmark            rbsat-v945c61409gyes9-sc2009
c array.sh: index                292
c array.sh: benchmark            REGRandom-K3-L3-Seed25.sanitized
c array.sh: index                293
c array.sh: benchmark            REGRandom-K4-L1-Seed30.sanitized
c array.sh: index                294
c array.sh: benchmark            REGRandom-K4-L2-Seed35.sanitized
c array.sh: index                295
c array.sh: benchmark            REGRandom-K4-L3-Seed40.sanitized
c array.sh: index                296
c array.sh: benchmark            rook-42-0-1
c array.sh: index                297
c array.sh: benchmark            rook-56-0-0
c array.sh: index                298
c array.sh: benchmark            rook-56-1-1
c array.sh: index                299
c array.sh: benchmark            rphp_p8_r160.sanitized
c array.sh: index                300
c array.sh: benchmark            rphp_p8_r170.sanitized
c array.sh: index                301
c array.sh: benchmark            Schur_161_5_d38
c array.sh: index                302
c array.sh: benchmark            sgen1-sat-180-100
c array.sh: index                303
c array.sh: benchmark            sgen1-unsat-121-100
c array.sh: index                304
c array.sh: benchmark            SGI_30_60_19_60_6-dir.shuffled-as.sat03-112
c array.sh: index                305
c array.sh: benchmark            SGI_30_80_26_70_4-log.shuffled-as.sat03-208
c array.sh: index                306
c array.sh: benchmark            shuffling-2-s25242449-of-bench-sat04-727.used-as.sat04-753
c array.sh: index                307
c array.sh: benchmark            si2-b03m-m800-03
c array.sh: index                308
c array.sh: benchmark            simon-r16-1.sanitized
c array.sh: index                309
c array.sh: benchmark            simon-r17-0.sanitized
c array.sh: index                310
c array.sh: benchmark            simon-r18-0.sanitized
c array.sh: index                311
c array.sh: benchmark            simon-r19-1.sanitized
c array.sh: index                312
c array.sh: benchmark            simon-r20-0.sanitized
c array.sh: index                313
c array.sh: benchmark            simon-r21-0.sanitized
c array.sh: index                314
c array.sh: benchmark            simon-r22-1.sanitized
c array.sh: index                315
c array.sh: benchmark            simon-r23-1.sanitized
c array.sh: index                316
c array.sh: benchmark            simon-r24-1.sanitized
c array.sh: index                317
c array.sh: benchmark            simon-r25-0.sanitized
c array.sh: index                318
c array.sh: benchmark            sokoban-p16.sas.ex.15-sc2016
c array.sh: index                319
c array.sh: benchmark            sokoban-p20.sas.cr.25
c array.sh: index                320
c array.sh: benchmark            sokoban-p20.sas.cr.33
c array.sh: end time             Tue Feb  4 17:09:19 CET 2025
