c array.sh: start time           Tue Feb  4 15:36:34 CET 2025
c array.sh: job id               6468158
c array.sh: task id              2
c array.sh: start index          65
c array.sh: end index            129
c array.sh: index                65
c array.sh: benchmark            Break_unsat_16_27.xml
c array.sh: index                66
c array.sh: benchmark            Break_unsat_18_31.xml
c array.sh: index                67
c array.sh: benchmark            bvsub_19952.smt2
c array.sh: index                68
c array.sh: benchmark            circuit_32in32out_with_100gates_7in7out_dist64_seed2.sanitized
c array.sh: index                69
c array.sh: benchmark            circuit_32in32out_with_350gates_6in6out_dist64_seed1.sanitized
c array.sh: index                70
c array.sh: benchmark            circuit_32in32out_with_400gates_6in6out_dist64_seed1.sanitized
c array.sh: index                71
c array.sh: benchmark            circuit_32in32out_with_500gates_6in6out_dist64_seed1.sanitized
c array.sh: index                72
c array.sh: benchmark            circuit_32in32out_with_64gates_8in6out_dist128_seed2.sanitized
c array.sh: index                73
c array.sh: benchmark            circuit_32in32out_with_70gates_7in7out_dist128_seed1.sanitized
c array.sh: index                74
c array.sh: benchmark            circuit_32in32out_with_80gates_7in7out_dist128_seed1.sanitized
c array.sh: index                75
c array.sh: benchmark            circuit_32in32out_with_96gates_7in7out_dist128_seed1.sanitized
c array.sh: index                76
c array.sh: benchmark            circuit_32in64out_with_150gates_6in6out_dist256_seed1.sanitized
c array.sh: index                77
c array.sh: benchmark            circuit_48in24out_with_100gates_7in7out_dist128_seed1.sanitized
c array.sh: index                78
c array.sh: benchmark            circuit_48in64out_with_1000gates_4in4out_dist128_seed4.sanitized
c array.sh: index                79
c array.sh: benchmark            circuit_48in64out_with_700gates_4in4out_dist128_seed1.sanitized
c array.sh: index                80
c array.sh: benchmark            circuit_48in64out_with_800gates_4in4out_dist128_seed1.sanitized
c array.sh: index                81
c array.sh: benchmark            circuit_48in64out_with_800gates_4in4out_dist128_seed4.sanitized
c array.sh: index                82
c array.sh: benchmark            circuit_64in64out_with_64gates_8in5out_dist256_seed1.sanitized
c array.sh: index                83
c array.sh: benchmark            Circuit_multiplier22
c array.sh: index                84
c array.sh: benchmark            cliquecolouring_n13_k8_c7.sanitized
c array.sh: index                85
c array.sh: benchmark            cliquecolouring_n13_k9_c8.sanitized
c array.sh: index                86
c array.sh: benchmark            cliquecolouring_n15_k9_c8.sanitized
c array.sh: index                87
c array.sh: benchmark            cliquecolouring_n21_k6_c5.sanitized
c array.sh: index                88
c array.sh: benchmark            cliquecolouring_n31_k5_c4.sanitized
c array.sh: index                89
c array.sh: benchmark            cliquecolouring_n41_k5_c4.sanitized
c array.sh: index                90
c array.sh: benchmark            clique_n2_k10.sanitized
c array.sh: index                91
c array.sh: benchmark            combined-crypto1-wff-seed-102-wffvars-500-cryptocplx-31-overlap-2
c array.sh: index                92
c array.sh: benchmark            combined-crypto1-wff-seed-1-wffvars-450-cryptocplx-40-overlap-2
c array.sh: index                93
c array.sh: benchmark            constraints_16_0.3_1.sanitized
c array.sh: index                94
c array.sh: benchmark            constraints_16_0.4_1.sanitized
c array.sh: index                95
c array.sh: benchmark            constraints_16_0.5_1.sanitized
c array.sh: index                96
c array.sh: benchmark            constraints_17_0.3_2.sanitized
c array.sh: index                97
c array.sh: benchmark            constraints_17_0.4_1.sanitized
c array.sh: index                98
c array.sh: benchmark            constraints_17_0.4_2.sanitized
c array.sh: index                99
c array.sh: benchmark            constraints_17_0.5_2.sanitized
c array.sh: index                100
c array.sh: benchmark            constraints_18_0.3_2.sanitized
c array.sh: index                101
c array.sh: benchmark            constraints_18_0.4_2.sanitized
c array.sh: index                102
c array.sh: benchmark            constraints_18_0.5_2.sanitized
c array.sh: index                103
c array.sh: benchmark            constraints_25_4_5_12_12_0_0_0.sanitized
c array.sh: index                104
c array.sh: benchmark            crafted_n12_d6_c4_num23
c array.sh: index                105
c array.sh: benchmark            crn_11_99_u
c array.sh: index                106
c array.sh: benchmark            ctl_4201_555_unsat_pre
c array.sh: index                107
c array.sh: benchmark            ctl_4291_567_2_unsat-sc2013
c array.sh: index                108
c array.sh: benchmark            ctl_4291_567_9_unsat
c array.sh: index                109
c array.sh: benchmark            DLTM_twitter774_83_17
c array.sh: index                110
c array.sh: benchmark            Dodecahedron-k7
c array.sh: index                111
c array.sh: benchmark            ecarev-110-4099-22-30-7
c array.sh: index                112
c array.sh: benchmark            EDP3-11000
c array.sh: index                113
c array.sh: benchmark            ER_400_20_4.apx_1_DC-AD
c array.sh: index                114
c array.sh: benchmark            ER_400_20_4.apx_2_DC-AD
c array.sh: index                115
c array.sh: benchmark            ER_400_20_4.apx_2_DC-ST
c array.sh: index                116
c array.sh: benchmark            ER_400_20_7.apx_1_DC-AD
c array.sh: index                117
c array.sh: benchmark            ER_400_20_7.apx_2_DC-AD
c array.sh: index                118
c array.sh: benchmark            ER_400_20_7.apx_2_DC-ST
c array.sh: index                119
c array.sh: benchmark            ER_500_30_3.apx_1_DC-ST
c array.sh: index                120
c array.sh: benchmark            ER_500_30_3.apx_2_DC-AD
c array.sh: index                121
c array.sh: benchmark            ex065_25
c array.sh: index                122
c array.sh: benchmark            exam_flat_0.04_2018_3
c array.sh: index                123
c array.sh: benchmark            f9idw
c array.sh: index                124
c array.sh: benchmark            fermat-931960058139995587
c array.sh: index                125
c array.sh: benchmark            fixedbandwidth-eq-31_shuffled
c array.sh: index                126
c array.sh: benchmark            FmlaEquivChain_4_6_6.sanitized
c array.sh: index                127
c array.sh: benchmark            FmlaEquivChain_4_8_8.sanitized
c array.sh: index                128
c array.sh: benchmark            FmlaImplyChain_3_7_7.sanitized
c array.sh: end time             Tue Feb  4 17:00:53 CET 2025
